accountstracker1/app/build/intermediates/manifest_merge_blame_file/debug/manifest-merger-blame-debug-report.txt
1<?xml version="1.0" encoding="utf-8"?>
2<manifest xmlns:android="http://schemas.android.com/apk/res/android"
3    package="com.st.accounts"
4    android:versionCode="1"
5    android:versionName="1.0" >
6
7    <uses-sdk
7-->src\main\AndroidManifest.xml:6:5-43
8        android:minSdkVersion="8"
8-->src\main\AndroidManifest.xml:6:15-40
9        android:targetSdkVersion="8" />
9-->src\main\AndroidManifest.xml:6:5-43
10
11    <application
11-->src\main\AndroidManifest.xml:7:5-27:19
12        android:debuggable="true"
13        android:icon="@drawable/ic_launcher"
13-->src\main\AndroidManifest.xml:8:9-45
14        android:label="@string/app_name"
14-->src\main\AndroidManifest.xml:9:9-41
15        android:testOnly="true"
16        android:theme="@style/common" >
16-->src\main\AndroidManifest.xml:10:9-38
17        <activity
17-->src\main\AndroidManifest.xml:11:9-18:20
18            android:name="com.st.accounts.ListAccounts"
18-->src\main\AndroidManifest.xml:13:13-41
19            android:label="Available Accounts" >
19-->src\main\AndroidManifest.xml:12:13-47
20            <intent-filter>
20-->src\main\AndroidManifest.xml:14:13-17:29
21                <action android:name="android.intent.action.MAIN" />
21-->src\main\AndroidManifest.xml:15:17-69
21-->src\main\AndroidManifest.xml:15:25-66
22
23                <category android:name="android.intent.category.LAUNCHER" />
23-->src\main\AndroidManifest.xml:16:17-77
23-->src\main\AndroidManifest.xml:16:27-74
24            </intent-filter>
25        </activity>
26        <activity
26-->src\main\AndroidManifest.xml:19:9-89
27            android:name="com.st.accounts.AddAccount"
27-->src\main\AndroidManifest.xml:19:19-45
28            android:label="Add New Account" />
28-->src\main\AndroidManifest.xml:19:46-77
29        <activity
29-->src\main\AndroidManifest.xml:20:9-97
30            android:name="com.st.accounts.AddTransaction"
30-->src\main\AndroidManifest.xml:20:19-49
31            android:label="Add New Transaction" />
31-->src\main\AndroidManifest.xml:20:50-85
32        <activity
32-->src\main\AndroidManifest.xml:21:9-93
33            android:name="com.st.accounts.UpdateAccount"
33-->src\main\AndroidManifest.xml:21:19-48
34            android:label="Account Details" />
34-->src\main\AndroidManifest.xml:21:50-81
35        <activity
35-->src\main\AndroidManifest.xml:22:9-107
36            android:name="com.st.accounts.ListAccountTransactions"
36-->src\main\AndroidManifest.xml:22:19-58
37            android:label="Account Transactions" />
37-->src\main\AndroidManifest.xml:22:59-95
38        <activity
38-->src\main\AndroidManifest.xml:23:9-101
39            android:name="com.st.accounts.TransactionDetails"
39-->src\main\AndroidManifest.xml:23:19-53
40            android:label="Transaction Details" />
40-->src\main\AndroidManifest.xml:23:54-89
41        <activity
41-->src\main\AndroidManifest.xml:24:9-103
42            android:name="com.st.accounts.SearchTransactions"
42-->src\main\AndroidManifest.xml:24:19-53
43            android:label="Search Transactions" />
43-->src\main\AndroidManifest.xml:24:56-91
44        <activity
44-->src\main\AndroidManifest.xml:25:9-92
45            android:name="com.st.accounts.ListTransactions"
45-->src\main\AndroidManifest.xml:25:19-51
46            android:label="Transactions" />
46-->src\main\AndroidManifest.xml:25:52-80
47        <activity
47-->src\main\AndroidManifest.xml:26:9-105
48            android:name="com.st.accounts.ListRecentTransactions"
48-->src\main\AndroidManifest.xml:26:19-57
49            android:label="Recent Transactions" />
49-->src\main\AndroidManifest.xml:26:58-93
50    </application>
51
52</manifest>